<?xml version="1.0" encoding="UTF-8"?>
<!-- Generated by org.testng.reporters.JUnitXMLReporter -->
<testsuite hostname="RCBAN0238" ignored="0" name="Default test" tests="2" failures="0" timestamp="09 Feb 2023 10:55:31 GMT" time="11.976" errors="0">
  <testcase name="verifyCreateUserTest" time="4.489" classname="com.XmlToJason.TC_03_Post_CreateBooking_JSON_extract"/>
  <testcase name="verifyUpdateBookingTest" time="1.454" classname="com.XmlToJason.TC_03_Post_CreateBooking_JSON_extract"/>
</testsuite> <!-- Default test -->
